<?xml version="1.0" encoding="UTF-8"?>
<!-- Generated by org.testng.reporters.JUnitXMLReporter -->
<testsuite ignored="0" hostname="KM-AMIRDI-7420" failures="0" tests="2" name="Command line test" time="0.116" errors="0" timestamp="2024-02-23T11:48:20 EET">
  <testcase classname="org.example.AppTest" name="addmeTest on Command line test(org.example.AppTest)" time="0.011"/>
  <testcase classname="org.example.AppTest" name="subbtractmeTest on Command line test(org.example.AppTest)" time="0.001"/>
</testsuite> <!-- Command line test -->
