<?xml version="1.0" encoding="UTF-8"?>
<testng-results ignored="0" total="1" passed="1" failed="0" skipped="0">
  <reporter-output>
  </reporter-output>
  <suite started-at="2024-02-22T23:25:07 EET" name="org.example.AppTest" finished-at="2024-02-22T23:25:07 EET" duration-ms="94">
    <groups>
    </groups>
    <test started-at="2024-02-22T23:25:07 EET" name="Command line test" finished-at="2024-02-22T23:25:07 EET" duration-ms="94">
      <class name="org.example.AppTest">
        <test-method signature="addmeTest()[pri:0, instance:Command line test(org.example.AppTest)]" started-at="2024-02-22T23:25:07 EET" name="addmeTest" finished-at="2024-02-22T23:25:07 EET" duration-ms="11" status="PASS">
          <reporter-output>
          </reporter-output>
        </test-method> <!-- addmeTest -->
      </class> <!-- org.example.AppTest -->
    </test> <!-- Command line test -->
  </suite> <!-- org.example.AppTest -->
</testng-results>
