<?xml version="1.0" encoding="UTF-8"?>
<testng-results ignored="0" total="2" passed="2" failed="0" skipped="0">
  <reporter-output>
  </reporter-output>
  <suite started-at="2024-02-23T11:48:20 EET" name="org.example.AppTest" finished-at="2024-02-23T11:48:20 EET" duration-ms="116">
    <groups>
    </groups>
    <test started-at="2024-02-23T11:48:20 EET" name="Command line test" finished-at="2024-02-23T11:48:20 EET" duration-ms="116">
      <class name="org.example.AppTest">
        <test-method signature="addmeTest()[pri:0, instance:Command line test(org.example.AppTest)]" started-at="2024-02-23T11:48:20 EET" name="addmeTest" finished-at="2024-02-23T11:48:20 EET" duration-ms="11" status="PASS">
          <reporter-output>
          </reporter-output>
        </test-method> <!-- addmeTest -->
        <test-method signature="subbtractmeTest()[pri:0, instance:Command line test(org.example.AppTest)]" started-at="2024-02-23T11:48:20 EET" name="subbtractmeTest" finished-at="2024-02-23T11:48:20 EET" duration-ms="1" status="PASS">
          <reporter-output>
          </reporter-output>
        </test-method> <!-- subbtractmeTest -->
      </class> <!-- org.example.AppTest -->
    </test> <!-- Command line test -->
  </suite> <!-- org.example.AppTest -->
</testng-results>
